<?xml version="1.0" encoding="UTF-8"?>
<!-- Generated by org.testng.reporters.JUnitReportReporter -->
<testsuite hostname="DESKTOP-5FN3ERC" failures="0" tests="1" name="test_cases.THIRTYONEAUG" time="8.720" errors="0" timestamp="2023-09-30T18:00:18 IST" skipped="0">
  <testcase classname="test_cases.THIRTYONEAUG" name="launchBrowser" time="8.720"/>
</testsuite> <!-- test_cases.THIRTYONEAUG -->
