<?xml version="1.0" encoding="UTF-8"?>
<!-- Generated by org.testng.reporters.JUnitReportReporter -->
<testsuite hostname="DESKTOP-5FN3ERC" failures="0" tests="1" name="test_cases.PrintingTheLinksTwoSEPT" time="16.156" errors="0" timestamp="2023-09-30T17:59:40 IST" skipped="0">
  <testcase classname="test_cases.PrintingTheLinksTwoSEPT" name="printingLinks" time="16.156"/>
</testsuite> <!-- test_cases.PrintingTheLinksTwoSEPT -->
